<?xml version="1.0" encoding="UTF-8"?>
<!-- Generated by org.testng.reporters.JUnitReportReporter -->
<testsuite hostname="DESKTOP-0M88CL7" failures="0" tests="1" name="seleniumlearning.Secondclass" time="10.145" errors="0" timestamp="2022-10-20T07:26:57 EDT" skipped="0">
  <testcase classname="seleniumlearning.Secondclass" name="second1" time="10.145"/>
  <system-out/>
</testsuite> <!-- seleniumlearning.Secondclass -->
