<?xml version="1.0" encoding="UTF-8"?>
<!-- Generated by org.testng.reporters.JUnitReportReporter -->
<testsuite hostname="DESKTOP-0M88CL7" failures="0" tests="3" name="seleniumlearning.seleniumfirst" time="0.059" errors="0" timestamp="2022-10-20T07:26:57 EDT" skipped="0">
  <testcase classname="seleniumlearning.seleniumfirst" name="animal" time="0.027"/>
  <system-out/>
  <testcase classname="seleniumlearning.seleniumfirst" name="apple" time="0.029"/>
  <system-out/>
  <testcase classname="seleniumlearning.seleniumfirst" name="mobil" time="0.003"/>
  <system-out/>
</testsuite> <!-- seleniumlearning.seleniumfirst -->
