<?xml version="1.0" encoding="UTF-8"?>
<!-- Generated by org.testng.reporters.JUnitReportReporter -->
<testsuite hostname="DESKTOP-0M88CL7" failures="0" tests="1" name="demo.testclass3" time="0.025" errors="0" timestamp="2022-10-20T07:45:18 EDT" skipped="0">
  <testcase classname="demo.testclass3" name="mobile" time="0.025"/>
  <system-out/>
</testsuite> <!-- demo.testclass3 -->
