<?xml version="1.0" encoding="UTF-8"?>
<!-- Generated by org.testng.reporters.JUnitReportReporter -->
<testsuite hostname="DESKTOP-0M88CL7" failures="0" tests="1" name="seleniumlearning.third" time="4.131" errors="0" timestamp="2022-11-05T20:08:17 EDT" skipped="0">
  <testcase classname="seleniumlearning.third" name="third1" time="4.131"/>
  <system-out/>
</testsuite> <!-- seleniumlearning.third -->
