<?xml version="1.0" encoding="UTF-8"?>
<!-- Generated by org.testng.reporters.JUnitReportReporter -->
<testsuite hostname="DESKTOP-0M88CL7" failures="0" tests="1" name="seleniumlearning.firstscript" time="10.357" errors="0" timestamp="2022-10-20T07:26:57 EDT" skipped="0">
  <testcase classname="seleniumlearning.firstscript" name="demo" time="10.357"/>
  <system-out/>
</testsuite> <!-- seleniumlearning.firstscript -->
